<?xml version="1.0" encoding="UTF-8"?>
<robot generator="Robot 6.1.1 (Python 3.11.5 on win32)" generated="20231009 12:21:01.372" rpa="false" schemaversion="4">
<suite id="s1" name="Clockout" source="D:\All Web\Auto Tool\Project Att auto\Clockout.robot">
<test id="s1-t1" name="Valid Login" line="10">
<kw name="Open Browser To Login Page">
<kw name="Open Browser" library="SeleniumLibrary">
<arg>${LOGIN URL}</arg>
<arg>${BROWSER}</arg>
<doc>Opens a new browser instance to the optional ``url``.</doc>
<msg timestamp="20231009 12:21:01.911" level="INFO">Opening browser 'Chrome' to base url 'https://hrm.allweb.com.kh/login'.</msg>
<status status="PASS" starttime="20231009 12:21:01.910" endtime="20231009 12:21:05.484"/>
</kw>
<kw name="Title Should Be" library="SeleniumLibrary">
<arg>Human Resource Management System - Login</arg>
<doc>Verifies that the current page title equals ``title``.</doc>
<msg timestamp="20231009 12:21:05.497" level="INFO">Page title is 'Human Resource Management System - Login'.</msg>
<status status="PASS" starttime="20231009 12:21:05.484" endtime="20231009 12:21:05.497"/>
</kw>
<status status="PASS" starttime="20231009 12:21:01.910" endtime="20231009 12:21:05.497"/>
</kw>
<kw name="Maximize Browser Window" library="SeleniumLibrary">
<doc>Maximizes current browser window.</doc>
<status status="PASS" starttime="20231009 12:21:05.498" endtime="20231009 12:21:05.635"/>
</kw>
<kw name="Wait 1sec">
<kw name="Sleep" library="BuiltIn">
<arg>1s</arg>
<doc>Pauses the test executed for the given time.</doc>
<msg timestamp="20231009 12:21:06.636" level="INFO">Slept 1 second</msg>
<status status="PASS" starttime="20231009 12:21:05.636" endtime="20231009 12:21:06.636"/>
</kw>
<status status="PASS" starttime="20231009 12:21:05.636" endtime="20231009 12:21:06.636"/>
</kw>
<kw name="Input Username">
<arg>porhong.keat@allweb.com.kh</arg>
<kw name="Input Text" library="SeleniumLibrary">
<arg>email</arg>
<arg>${email}</arg>
<doc>Types the given ``text`` into the text field identified by ``locator``.</doc>
<msg timestamp="20231009 12:21:06.638" level="INFO">Typing text 'porhong.keat@allweb.com.kh' into text field 'email'.</msg>
<status status="PASS" starttime="20231009 12:21:06.637" endtime="20231009 12:21:06.764"/>
</kw>
<status status="PASS" starttime="20231009 12:21:06.637" endtime="20231009 12:21:06.764"/>
</kw>
<kw name="Wait 1sec">
<kw name="Sleep" library="BuiltIn">
<arg>1s</arg>
<doc>Pauses the test executed for the given time.</doc>
<msg timestamp="20231009 12:21:07.765" level="INFO">Slept 1 second</msg>
<status status="PASS" starttime="20231009 12:21:06.765" endtime="20231009 12:21:07.765"/>
</kw>
<status status="PASS" starttime="20231009 12:21:06.765" endtime="20231009 12:21:07.765"/>
</kw>
<kw name="Input Password">
<arg>cAmbodi@168c</arg>
<kw name="Input Text" library="SeleniumLibrary">
<arg>password</arg>
<arg>${password}</arg>
<doc>Types the given ``text`` into the text field identified by ``locator``.</doc>
<msg timestamp="20231009 12:21:07.766" level="INFO">Typing text 'cAmbodi@168c' into text field 'password'.</msg>
<status status="PASS" starttime="20231009 12:21:07.766" endtime="20231009 12:21:07.865"/>
</kw>
<status status="PASS" starttime="20231009 12:21:07.766" endtime="20231009 12:21:07.865"/>
</kw>
<kw name="Wait 1sec">
<kw name="Sleep" library="BuiltIn">
<arg>1s</arg>
<doc>Pauses the test executed for the given time.</doc>
<msg timestamp="20231009 12:21:08.866" level="INFO">Slept 1 second</msg>
<status status="PASS" starttime="20231009 12:21:07.866" endtime="20231009 12:21:08.866"/>
</kw>
<status status="PASS" starttime="20231009 12:21:07.865" endtime="20231009 12:21:08.866"/>
</kw>
<kw name="Login">
<kw name="Click Button" library="SeleniumLibrary">
<arg>//button[@type='submit']</arg>
<doc>Clicks the button identified by ``locator``.</doc>
<msg timestamp="20231009 12:21:08.867" level="INFO">Clicking button '//button[@type='submit']'.</msg>
<status status="PASS" starttime="20231009 12:21:08.867" endtime="20231009 12:21:12.137"/>
</kw>
<status status="PASS" starttime="20231009 12:21:08.867" endtime="20231009 12:21:12.137"/>
</kw>
<kw name="Wait 1sec">
<kw name="Sleep" library="BuiltIn">
<arg>1s</arg>
<doc>Pauses the test executed for the given time.</doc>
<msg timestamp="20231009 12:21:13.140" level="INFO">Slept 1 second</msg>
<status status="PASS" starttime="20231009 12:21:12.138" endtime="20231009 12:21:13.140"/>
</kw>
<status status="PASS" starttime="20231009 12:21:12.138" endtime="20231009 12:21:13.140"/>
</kw>
<kw name="Welcome Page Should Be Open">
<kw name="Title Should Be" library="SeleniumLibrary">
<arg>Dashboard</arg>
<doc>Verifies that the current page title equals ``title``.</doc>
<msg timestamp="20231009 12:21:13.147" level="INFO">Page title is 'Dashboard'.</msg>
<status status="PASS" starttime="20231009 12:21:13.141" endtime="20231009 12:21:13.148"/>
</kw>
<status status="PASS" starttime="20231009 12:21:13.141" endtime="20231009 12:21:13.148"/>
</kw>
<kw name="Wait 1sec">
<kw name="Sleep" library="BuiltIn">
<arg>1s</arg>
<doc>Pauses the test executed for the given time.</doc>
<msg timestamp="20231009 12:21:14.149" level="INFO">Slept 1 second</msg>
<status status="PASS" starttime="20231009 12:21:13.148" endtime="20231009 12:21:14.149"/>
</kw>
<status status="PASS" starttime="20231009 12:21:13.148" endtime="20231009 12:21:14.149"/>
</kw>
<kw name="clock out">
<kw name="Click Link" library="SeleniumLibrary">
<arg>//a[@id='clock_in']</arg>
<doc>Clicks a link identified by ``locator``.</doc>
<msg timestamp="20231009 12:21:14.153" level="INFO">Clicking link '//a[@id='clock_in']'.</msg>
<status status="PASS" starttime="20231009 12:21:14.152" endtime="20231009 12:21:14.379"/>
</kw>
<status status="PASS" starttime="20231009 12:21:14.151" endtime="20231009 12:21:14.379"/>
</kw>
<kw name="Wait 1sec">
<kw name="Sleep" library="BuiltIn">
<arg>1s</arg>
<doc>Pauses the test executed for the given time.</doc>
<msg timestamp="20231009 12:21:15.380" level="INFO">Slept 1 second</msg>
<status status="PASS" starttime="20231009 12:21:14.380" endtime="20231009 12:21:15.380"/>
</kw>
<status status="PASS" starttime="20231009 12:21:14.380" endtime="20231009 12:21:15.380"/>
</kw>
<kw name="confirm clock out">
<kw name="Click Button" library="SeleniumLibrary">
<arg>//button[normalize-space()='Yes']</arg>
<doc>Clicks the button identified by ``locator``.</doc>
<msg timestamp="20231009 12:21:15.384" level="INFO">Clicking button '//button[normalize-space()='Yes']'.</msg>
<status status="PASS" starttime="20231009 12:21:15.383" endtime="20231009 12:21:17.885"/>
</kw>
<status status="PASS" starttime="20231009 12:21:15.382" endtime="20231009 12:21:17.885"/>
</kw>
<kw name="Wait 5sec">
<kw name="Sleep" library="BuiltIn">
<arg>5s</arg>
<doc>Pauses the test executed for the given time.</doc>
<msg timestamp="20231009 12:21:22.886" level="INFO">Slept 5 seconds</msg>
<status status="PASS" starttime="20231009 12:21:17.886" endtime="20231009 12:21:22.886"/>
</kw>
<status status="PASS" starttime="20231009 12:21:17.885" endtime="20231009 12:21:22.886"/>
</kw>
<status status="PASS" starttime="20231009 12:21:01.909" endtime="20231009 12:21:22.886"/>
</test>
<doc>Simple example using SeleniumLibrary.</doc>
<status status="PASS" starttime="20231009 12:21:01.374" endtime="20231009 12:21:22.888"/>
</suite>
<statistics>
<total>
<stat pass="1" fail="0" skip="0">All Tests</stat>
</total>
<tag>
</tag>
<suite>
<stat pass="1" fail="0" skip="0" id="s1" name="Clockout">Clockout</stat>
</suite>
</statistics>
<errors>
</errors>
</robot>
